<?xml version="1.0" encoding="UTF-8"?>
<testsuite xmlns:xsi="http://www.w3.org/2001/XMLSchema-instance" xsi:noNamespaceSchemaLocation="https://maven.apache.org/surefire/maven-surefire-plugin/xsd/surefire-test-report-3.0.xsd" version="3.0" name="school.sptech.exercicio.pokemon.TreinadorPokemonTest" time="0.042" tests="15" errors="0" skipped="0" failures="0">
  <properties>
    <property name="sun.desktop" value="windows"/>
    <property name="awt.toolkit" value="sun.awt.windows.WToolkit"/>
    <property name="java.specification.version" value="11"/>
    <property name="sun.cpu.isalist" value="amd64"/>
    <property name="sun.jnu.encoding" value="Cp1252"/>
    <property name="java.class.path" value="C:\Users\Vini\Desktop\projeto-pokemon\target\test-classes;C:\Users\Vini\Desktop\projeto-pokemon\target\classes;C:\Users\Vini\.m2\repository\org\junit\jupiter\junit-jupiter-api\5.6.0\junit-jupiter-api-5.6.0.jar;C:\Users\Vini\.m2\repository\org\apiguardian\apiguardian-api\1.1.0\apiguardian-api-1.1.0.jar;C:\Users\Vini\.m2\repository\org\opentest4j\opentest4j\1.2.0\opentest4j-1.2.0.jar;C:\Users\Vini\.m2\repository\org\junit\platform\junit-platform-commons\1.6.0\junit-platform-commons-1.6.0.jar;C:\Users\Vini\.m2\repository\org\junit\jupiter\junit-jupiter-params\5.6.0\junit-jupiter-params-5.6.0.jar;C:\Users\Vini\.m2\repository\org\junit\jupiter\junit-jupiter-engine\5.6.0\junit-jupiter-engine-5.6.0.jar;C:\Users\Vini\.m2\repository\org\junit\platform\junit-platform-engine\1.6.0\junit-platform-engine-1.6.0.jar;"/>
    <property name="java.vm.vendor" value="Oracle Corporation"/>
    <property name="sun.arch.data.model" value="64"/>
    <property name="user.variant" value=""/>
    <property name="java.vendor.url" value="https://openjdk.java.net/"/>
    <property name="user.timezone" value="America/Sao_Paulo"/>
    <property name="java.vm.specification.version" value="11"/>
    <property name="os.name" value="Windows 10"/>
    <property name="user.country" value="BR"/>
    <property name="sun.java.launcher" value="SUN_STANDARD"/>
    <property name="sun.boot.library.path" value="C:\Program Files\Java\jdk-11.0.10\bin"/>
    <property name="sun.java.command" value="C:\Users\Vini\AppData\Local\Temp\surefire15412026926014819241\surefirebooter15579722806765444776.jar C:\Users\Vini\AppData\Local\Temp\surefire15412026926014819241 2022-10-03T13-17-08_371-jvmRun1 surefire14199364695127626512tmp surefire_010499287168433744684tmp"/>
    <property name="jdk.debug" value="release"/>
    <property name="surefire.test.class.path" value="C:\Users\Vini\Desktop\projeto-pokemon\target\test-classes;C:\Users\Vini\Desktop\projeto-pokemon\target\classes;C:\Users\Vini\.m2\repository\org\junit\jupiter\junit-jupiter-api\5.6.0\junit-jupiter-api-5.6.0.jar;C:\Users\Vini\.m2\repository\org\apiguardian\apiguardian-api\1.1.0\apiguardian-api-1.1.0.jar;C:\Users\Vini\.m2\repository\org\opentest4j\opentest4j\1.2.0\opentest4j-1.2.0.jar;C:\Users\Vini\.m2\repository\org\junit\platform\junit-platform-commons\1.6.0\junit-platform-commons-1.6.0.jar;C:\Users\Vini\.m2\repository\org\junit\jupiter\junit-jupiter-params\5.6.0\junit-jupiter-params-5.6.0.jar;C:\Users\Vini\.m2\repository\org\junit\jupiter\junit-jupiter-engine\5.6.0\junit-jupiter-engine-5.6.0.jar;C:\Users\Vini\.m2\repository\org\junit\platform\junit-platform-engine\1.6.0\junit-platform-engine-1.6.0.jar;"/>
    <property name="sun.cpu.endian" value="little"/>
    <property name="user.home" value="C:\Users\Vini"/>
    <property name="user.language" value="pt"/>
    <property name="java.specification.vendor" value="Oracle Corporation"/>
    <property name="java.version.date" value="2021-01-19"/>
    <property name="java.home" value="C:\Program Files\Java\jdk-11.0.10"/>
    <property name="file.separator" value="\"/>
    <property name="basedir" value="C:\Users\Vini\Desktop\projeto-pokemon"/>
    <property name="java.vm.compressedOopsMode" value="32-bit"/>
    <property name="line.separator" value="&#10;"/>
    <property name="java.specification.name" value="Java Platform API Specification"/>
    <property name="java.vm.specification.vendor" value="Oracle Corporation"/>
    <property name="java.awt.graphicsenv" value="sun.awt.Win32GraphicsEnvironment"/>
    <property name="surefire.real.class.path" value="C:\Users\Vini\AppData\Local\Temp\surefire15412026926014819241\surefirebooter15579722806765444776.jar"/>
    <property name="user.script" value=""/>
    <property name="sun.management.compiler" value="HotSpot 64-Bit Tiered Compilers"/>
    <property name="java.runtime.version" value="11.0.10+8-LTS-162"/>
    <property name="user.name" value="Vini"/>
    <property name="path.separator" value=";"/>
    <property name="os.version" value="10.0"/>
    <property name="java.runtime.name" value="Java(TM) SE Runtime Environment"/>
    <property name="file.encoding" value="UTF-8"/>
    <property name="java.vm.name" value="Java HotSpot(TM) 64-Bit Server VM"/>
    <property name="java.vendor.version" value="18.9"/>
    <property name="maven.ext.class.path" value="C:\Program Files\NetBeans-12.6\netbeans\java\maven-nblib\netbeans-eventspy.jar"/>
    <property name="localRepository" value="C:\Users\Vini\.m2\repository"/>
    <property name="java.vendor.url.bug" value="https://bugreport.java.com/bugreport/"/>
    <property name="java.io.tmpdir" value="C:\Users\Vini\AppData\Local\Temp\"/>
    <property name="java.version" value="11.0.10"/>
    <property name="user.dir" value="C:\Users\Vini\Desktop\projeto-pokemon"/>
    <property name="os.arch" value="amd64"/>
    <property name="java.vm.specification.name" value="Java Virtual Machine Specification"/>
    <property name="java.awt.printerjob" value="sun.awt.windows.WPrinterJob"/>
    <property name="sun.os.patch.level" value=""/>
    <property name="java.library.path" value="C:\Program Files\Java\jdk-11.0.10\bin;C:\Windows\Sun\Java\bin;C:\Windows\system32;C:\Windows;C:\Program Files\Java\jdk-11.0.10\bin;C:\Program Files\Common Files\Oracle\Java\javapath;C:\Program Files (x86)\Common Files\Oracle\Java\javapath;C:\Windows\system32;C:\Windows;C:\Windows\System32\Wbem;C:\Windows\System32\WindowsPowerShell\v1.0\;C:\Windows\System32\OpenSSH\;C:\Program Files\Microsoft SQL Server\Client SDK\ODBC\170\Tools\Binn\;C:\Program Files (x86)\Microsoft SQL Server\150\Tools\Binn\;C:\Program Files\Microsoft SQL Server\150\Tools\Binn\;C:\Program Files\Microsoft SQL Server\150\DTS\Binn\;C:\Program Files (x86)\Microsoft SQL Server\150\DTS\Binn\;C:\Program Files\Azure Data Studio\bin;C:\Program Files\Git\cmd;C:\Program Files\nodejs\;C:\Program Files\dotnet\;C:\apache-maven-3.8.6\bin;C:\Program Files\MySQL\MySQL Shell 8.0\bin\;C:\Users\Vini\Downloads\flutter\bin\cache\dart-sdk\bin;C:\Users\Vini\Downloads\flutter\bin;C:\Users\Vini\AppData\Local\Programs\Python\Python39\Scripts\;C:\Users\Vini\AppData\Local\Programs\Python\Python39\;C:\Users\Vini\AppData\Local\Microsoft\WindowsApps;C:\Program Files\Azure Data Studio\bin;C:\Users\Vini\AppData\Local\Programs\Microsoft VS Code\bin;C:\Users\Vini\AppData\Roaming\npm;C:\Users\Vini\.dotnet\tools;."/>
    <property name="java.vendor" value="Oracle Corporation"/>
    <property name="java.vm.info" value="mixed mode"/>
    <property name="java.vm.version" value="11.0.10+8-LTS-162"/>
    <property name="sun.io.unicode.encoding" value="UnicodeLittle"/>
    <property name="java.class.version" value="55.0"/>
  </properties>
  <testcase name="evoluirPokemon(): Deve alterar o nome do pokémon para o novo nome" classname="school.sptech.exercicio.pokemon.TreinadorPokemonTest" time="0.005"/>
  <testcase name="batalhar(): Deve deixar o pokémon ferido caso perca a batalha" classname="school.sptech.exercicio.pokemon.TreinadorPokemonTest" time="0.002"/>
  <testcase name="evoluirPokemon(): Deve aumentar o nível do treinador em 10" classname="school.sptech.exercicio.pokemon.TreinadorPokemonTest" time="0.001"/>
  <testcase name="curarPokemon(): Deve curar o pokémon caso esteja ferido" classname="school.sptech.exercicio.pokemon.TreinadorPokemonTest" time="0.001"/>
  <testcase name="batalhar(): Deve aumentar a quantidade de doces caso ganhe a batalha" classname="school.sptech.exercicio.pokemon.TreinadorPokemonTest" time="0.003"/>
  <testcase name="treinarPokemon(): Deve aumentar a força do pokémon em 10%" classname="school.sptech.exercicio.pokemon.TreinadorPokemonTest" time="0.002"/>
  <testcase name="treinarPokemon(): Deve aumentar o nível do treinador em 2" classname="school.sptech.exercicio.pokemon.TreinadorPokemonTest" time="0.001"/>
  <testcase name="batalhar(): Deve aumentar o nível do treinador caso ganhe a batalha" classname="school.sptech.exercicio.pokemon.TreinadorPokemonTest" time="0.003"/>
  <testcase name="evoluirPokemon(): Não deve fazer nada caso número de doces for menor que 50" classname="school.sptech.exercicio.pokemon.TreinadorPokemonTest" time="0.001"/>
  <testcase name="treinarPokemon(): Deve aumentar a quantidade de doces em 10" classname="school.sptech.exercicio.pokemon.TreinadorPokemonTest" time="0"/>
  <testcase name="curarPokemon(): Não deve fazer nada caso o pokémon não esteja ferido" classname="school.sptech.exercicio.pokemon.TreinadorPokemonTest" time="0.001"/>
  <testcase name="batalhar(): Deve aumentar a força do pokemon caso ganhe a batalha" classname="school.sptech.exercicio.pokemon.TreinadorPokemonTest" time="0"/>
  <testcase name="batalhar(): Não deve fazer nada caso o pokémon esteja ferido" classname="school.sptech.exercicio.pokemon.TreinadorPokemonTest" time="0.001"/>
  <testcase name="evoluirPokemon(): Deve dobrar a força do pokémon" classname="school.sptech.exercicio.pokemon.TreinadorPokemonTest" time="0.002"/>
  <testcase name="evoluirPokemon(): Deve diminuir o número de doces do pokémon" classname="school.sptech.exercicio.pokemon.TreinadorPokemonTest" time="0.002"/>
</testsuite>